{
  "stats": {
    "suites": 1,
    "tests": 8,
    "passes": 8,
    "pending": 0,
    "failures": 0,
    "start": "2026-06-12T06:00:25.474Z",
    "end": "2026-06-12T06:00:40.451Z",
    "duration": 14977,
    "testsRegistered": 8,
    "passPercent": 100,
    "pendingPercent": 0,
    "other": 0,
    "hasOther": false,
    "skipped": 0,
    "hasSkipped": false
  },
  "results": [
    {
      "uuid": "8a4967a7-8adb-49ff-843d-d4c0e4c07015",
      "title": "",
      "fullFile": "cypress\\e2e\\auth\\login.cy.js",
      "file": "cypress\\e2e\\auth\\login.cy.js",
      "beforeHooks": [],
      "afterHooks": [],
      "tests": [],
      "suites": [
        {
          "uuid": "5a7d692d-f72a-4787-a3b2-3aef9e1c278e",
          "title": "Login Module",
          "fullFile": "",
          "file": "",
          "beforeHooks": [],
          "afterHooks": [],
          "tests": [
            {
              "title": "TC-001 | Should login successfully with valid credentials",
              "fullTitle": "Login Module TC-001 | Should login successfully with valid credentials",
              "timedOut": null,
              "duration": 3146,
              "state": "passed",
              "speed": "fast",
              "pass": true,
              "fail": false,
              "pending": false,
              "context": null,
              "code": "loginPage.enterUsername(\"standard_user\");\nloginPage.enterPassword(\"secret_sauce\");\nloginPage.clickLogin();\ncy.url().should(\"include\", \"/inventory\");",
              "err": {},
              "uuid": "8089b08d-deab-4f86-8145-820044d39aea",
              "parentUUID": "5a7d692d-f72a-4787-a3b2-3aef9e1c278e",
              "isHook": false,
              "skipped": false
            },
            {
              "title": "TC-002 | Should show error with wrong password",
              "fullTitle": "Login Module TC-002 | Should show error with wrong password",
              "timedOut": null,
              "duration": 1542,
              "state": "passed",
              "speed": "fast",
              "pass": true,
              "fail": false,
              "pending": false,
              "context": null,
              "code": "loginPage.enterUsername(\"standard_user\");\nloginPage.enterPassword(\"wrongpassword\");\nloginPage.clickLogin();\nloginPage.getErrorMessage().should(\"be.visible\");",
              "err": {},
              "uuid": "e55ec3a0-e183-4227-8bfe-5564bd995515",
              "parentUUID": "5a7d692d-f72a-4787-a3b2-3aef9e1c278e",
              "isHook": false,
              "skipped": false
            },
            {
              "title": "TC-003 | Should show error with invalid username",
              "fullTitle": "Login Module TC-003 | Should show error with invalid username",
              "timedOut": null,
              "duration": 1061,
              "state": "passed",
              "speed": "fast",
              "pass": true,
              "fail": false,
              "pending": false,
              "context": null,
              "code": "loginPage.enterUsername(\"invalid_user\");\nloginPage.enterPassword(\"secret_sauce\");\nloginPage.clickLogin();\nloginPage.getErrorMessage().should(\"be.visible\");",
              "err": {},
              "uuid": "e06280c6-39ed-4ca2-a382-ab8fc704c51f",
              "parentUUID": "5a7d692d-f72a-4787-a3b2-3aef9e1c278e",
              "isHook": false,
              "skipped": false
            },
            {
              "title": "TC-004 | Should show error with empty username",
              "fullTitle": "Login Module TC-004 | Should show error with empty username",
              "timedOut": null,
              "duration": 639,
              "state": "passed",
              "speed": "fast",
              "pass": true,
              "fail": false,
              "pending": false,
              "context": null,
              "code": "loginPage.enterPassword(\"secret_sauce\");\nloginPage.clickLogin();\nloginPage.getErrorMessage().should(\"contain\", \"Username is required\");",
              "err": {},
              "uuid": "32a0dfe6-9df5-4cf8-9d10-3a0b6c7d81fe",
              "parentUUID": "5a7d692d-f72a-4787-a3b2-3aef9e1c278e",
              "isHook": false,
              "skipped": false
            },
            {
              "title": "TC-005 | Should show error with empty password",
              "fullTitle": "Login Module TC-005 | Should show error with empty password",
              "timedOut": null,
              "duration": 622,
              "state": "passed",
              "speed": "fast",
              "pass": true,
              "fail": false,
              "pending": false,
              "context": null,
              "code": "loginPage.enterUsername(\"standard_user\");\nloginPage.clickLogin();\nloginPage.getErrorMessage().should(\"contain\", \"Password is required\");",
              "err": {},
              "uuid": "a5388bb5-60f1-4593-b68c-df32da32be51",
              "parentUUID": "5a7d692d-f72a-4787-a3b2-3aef9e1c278e",
              "isHook": false,
              "skipped": false
            },
            {
              "title": "TC-006 | Should show error with both fields empty",
              "fullTitle": "Login Module TC-006 | Should show error with both fields empty",
              "timedOut": null,
              "duration": 232,
              "state": "passed",
              "speed": "fast",
              "pass": true,
              "fail": false,
              "pending": false,
              "context": null,
              "code": "loginPage.clickLogin();\nloginPage.getErrorMessage().should(\"be.visible\");",
              "err": {},
              "uuid": "a3d4f2bd-78d3-42f9-8c63-82a9ef50f3fa",
              "parentUUID": "5a7d692d-f72a-4787-a3b2-3aef9e1c278e",
              "isHook": false,
              "skipped": false
            },
            {
              "title": "TC-007 | Should block locked out user",
              "fullTitle": "Login Module TC-007 | Should block locked out user",
              "timedOut": null,
              "duration": 1102,
              "state": "passed",
              "speed": "fast",
              "pass": true,
              "fail": false,
              "pending": false,
              "context": null,
              "code": "loginPage.enterUsername(\"locked_out_user\");\nloginPage.enterPassword(\"secret_sauce\");\nloginPage.clickLogin();\nloginPage.getErrorMessage().should(\"contain\", \"locked out\");",
              "err": {},
              "uuid": "84679332-8d92-4004-971f-24cb71609cd1",
              "parentUUID": "5a7d692d-f72a-4787-a3b2-3aef9e1c278e",
              "isHook": false,
              "skipped": false
            },
            {
              "title": "TC-008 | Should login with performance glitch user",
              "fullTitle": "Login Module TC-008 | Should login with performance glitch user",
              "timedOut": null,
              "duration": 6244,
              "state": "passed",
              "speed": "medium",
              "pass": true,
              "fail": false,
              "pending": false,
              "context": null,
              "code": "loginPage.enterUsername(\"performance_glitch_user\");\nloginPage.enterPassword(\"secret_sauce\");\nloginPage.clickLogin();\ncy.url().should(\"include\", \"/inventory\");",
              "err": {},
              "uuid": "56b04ad2-5ad1-44f2-b29f-0aeda20e654c",
              "parentUUID": "5a7d692d-f72a-4787-a3b2-3aef9e1c278e",
              "isHook": false,
              "skipped": false
            }
          ],
          "suites": [],
          "passes": [
            "8089b08d-deab-4f86-8145-820044d39aea",
            "e55ec3a0-e183-4227-8bfe-5564bd995515",
            "e06280c6-39ed-4ca2-a382-ab8fc704c51f",
            "32a0dfe6-9df5-4cf8-9d10-3a0b6c7d81fe",
            "a5388bb5-60f1-4593-b68c-df32da32be51",
            "a3d4f2bd-78d3-42f9-8c63-82a9ef50f3fa",
            "84679332-8d92-4004-971f-24cb71609cd1",
            "56b04ad2-5ad1-44f2-b29f-0aeda20e654c"
          ],
          "failures": [],
          "pending": [],
          "skipped": [],
          "duration": 14588,
          "root": false,
          "rootEmpty": false,
          "_timeout": 2000
        }
      ],
      "passes": [],
      "failures": [],
      "pending": [],
      "skipped": [],
      "duration": 0,
      "root": true,
      "rootEmpty": true,
      "_timeout": 2000
    }
  ],
  "meta": {
    "mocha": {
      "version": "7.2.0"
    },
    "mochawesome": {
      "options": {
        "quiet": false,
        "reportFilename": "mochawesome",
        "saveHtml": false,
        "saveJson": true,
        "consoleReporter": "spec",
        "useInlineDiffs": false,
        "code": true
      },
      "version": "7.1.4"
    },
    "marge": {
      "options": {
        "reportDir": "cypress/reports",
        "overwrite": false,
        "html": false,
        "json": true
      },
      "version": "6.3.2"
    }
  }
}